Build started 2016/11/16 20:40:09.
     1>Project "F:\vcprj\video\vCls\vCls\vCls.vcxproj" on node 2 (build target(s)).
     1>InitializeBuildStatus:
         Creating "Debug\vCls.unsuccessfulbuild" because "AlwaysCreate" was specified.
       ClCompile:
         All outputs are up-to-date.
         D:\Program Files (x86)\Microsoft Visual Studio 10.0\VC\bin\CL.exe /c /ZI /nologo /W3 /WX- /Od /Oy- /D WIN32 /D _WINDOWS /D _DEBUG /D _UNICODE /D UNICODE /D _AFXDLL /Gm /EHsc /RTC1 /MDd /GS /fp:precise /Zc:wchar_t /Zc:forScope /Yu"StdAfx.h" /Fp"Debug\vCls.pch" /Fo"Debug\\" /Fd"Debug\vc100.pdb" /Gd /TP /analyze- /errorReport:prompt vClsDlg.cpp
         vClsDlg.cpp
     1>f:\vcprj\video\vcls\vcls\vclsdlg.cpp(225): warning C4996: 'swprintf': swprintf has been changed to conform with the ISO C standard, adding an extra character count parameter. To use traditional Microsoft swprintf, set _CRT_NON_CONFORMING_SWPRINTFS.
                 d:\program files (x86)\microsoft visual studio 10.0\vc\include\swprintf.inl(85) : see declaration of 'swprintf'
     1>f:\vcprj\video\vcls\vcls\vclsdlg.cpp(228): warning C4996: 'swprintf': swprintf has been changed to conform with the ISO C standard, adding an extra character count parameter. To use traditional Microsoft swprintf, set _CRT_NON_CONFORMING_SWPRINTFS.
                 d:\program files (x86)\microsoft visual studio 10.0\vc\include\swprintf.inl(85) : see declaration of 'swprintf'
     1>f:\vcprj\video\vcls\vcls\vclsdlg.cpp(235): warning C4996: 'swprintf': swprintf has been changed to conform with the ISO C standard, adding an extra character count parameter. To use traditional Microsoft swprintf, set _CRT_NON_CONFORMING_SWPRINTFS.
                 d:\program files (x86)\microsoft visual studio 10.0\vc\include\swprintf.inl(85) : see declaration of 'swprintf'
     1>f:\vcprj\video\vcls\vcls\vclsdlg.cpp(237): warning C4996: 'swprintf': swprintf has been changed to conform with the ISO C standard, adding an extra character count parameter. To use traditional Microsoft swprintf, set _CRT_NON_CONFORMING_SWPRINTFS.
                 d:\program files (x86)\microsoft visual studio 10.0\vc\include\swprintf.inl(85) : see declaration of 'swprintf'
     1>f:\vcprj\video\vcls\vcls\vclsdlg.cpp(203): warning C4101: 'scr' : unreferenced local variable
     1>f:\vcprj\video\vcls\vcls\vclsdlg.cpp(202): warning C4101: 'rgb' : unreferenced local variable
     1>f:\vcprj\video\vcls\vcls\vclsdlg.cpp(374): warning C4018: '<' : signed/unsigned mismatch
       ResourceCompile:
         All outputs are up-to-date.
       ManifestResourceCompile:
         All outputs are up-to-date.
       Link:
         D:\Program Files (x86)\Microsoft Visual Studio 10.0\VC\bin\link.exe /ERRORREPORT:PROMPT /OUT:"F:\vcprj\video\vCls\Debug\vCls.exe" /INCREMENTAL /NOLOGO /MANIFEST /ManifestFile:"Debug\vCls.exe.intermediate.manifest" /MANIFESTUAC:"level='asInvoker' uiAccess='false'" /DEBUG /PDB:"F:\vcprj\video\vCls\Debug\vCls.pdb" /SUBSYSTEM:WINDOWS /TLBID:1 /ENTRY:"wWinMainCRTStartup" /DYNAMICBASE /NXCOMPAT /IMPLIB:"F:\vcprj\video\vCls\Debug\vCls.lib" /MACHINE:X86 Debug\vCls.res
         Debug\vCls.exe.embed.manifest.res
         Debug\mscomm1.obj
         Debug\stdafx.obj
         Debug\vCls.obj
         Debug\vClsDlg.obj
       Manifest:
         C:\Program Files (x86)\Microsoft SDKs\Windows\v7.0A\bin\mt.exe /nologo /verbose /out:"Debug\vCls.exe.embed.manifest" /manifest Debug\vCls.exe.intermediate.manifest "D:\Program Files (x86)\Microsoft Visual Studio 10.0\VC\Include\Manifest\dpiaware.manifest"
         All outputs are up-to-date.
       LinkEmbedManifest:
         All outputs are up-to-date.
         vCls.vcxproj -> F:\vcprj\video\vCls\Debug\vCls.exe
       FinalizeBuildStatus:
         Deleting file "Debug\vCls.unsuccessfulbuild".
         Touching "Debug\vCls.lastbuildstate".
     1>Done Building Project "F:\vcprj\video\vCls\vCls\vCls.vcxproj" (build target(s)).

Build succeeded.

Time Elapsed 00:00:00.62
