Build started 2016/11/15 10:09:29.
     1>Project "F:\vcprj\video\mouse\mousepose\mousepose\mousepose.vcxproj" on node 2 (build target(s)).
     1>PrepareForBuild:
         Creating directory "F:\vcprj\video\mouse\mousepose\Debug\".
       InitializeBuildStatus:
         Creating "Debug\mousepose.unsuccessfulbuild" because "AlwaysCreate" was specified.
       ClCompile:
         D:\Program Files (x86)\Microsoft Visual Studio 10.0\VC\bin\CL.exe /c /ZI /nologo /W3 /WX- /Od /Oy- /D WIN32 /D _DEBUG /D _CONSOLE /D _UNICODE /D UNICODE /Gm /EHsc /RTC1 /MDd /GS /fp:precise /Zc:wchar_t /Zc:forScope /Yc"StdAfx.h" /Fp"Debug\mousepose.pch" /Fo"Debug\\" /Fd"Debug\vc100.pdb" /Gd /TP /analyze- /errorReport:prompt stdafx.cpp
         stdafx.cpp
         D:\Program Files (x86)\Microsoft Visual Studio 10.0\VC\bin\CL.exe /c /ZI /nologo /W3 /WX- /Od /Oy- /D WIN32 /D _DEBUG /D _CONSOLE /D _UNICODE /D UNICODE /Gm /EHsc /RTC1 /MDd /GS /fp:precise /Zc:wchar_t /Zc:forScope /Yu"StdAfx.h" /Fp"Debug\mousepose.pch" /Fo"Debug\\" /Fd"Debug\vc100.pdb" /Gd /TP /analyze- /errorReport:prompt mousepose.cpp
         mousepose.cpp
       ManifestResourceCompile:
         C:\Program Files (x86)\Microsoft SDKs\Windows\v7.0A\bin\rc.exe /nologo /fo"Debug\mousepose.exe.embed.manifest.res" Debug\mousepose_manifest.rc 
       Link:
         D:\Program Files (x86)\Microsoft Visual Studio 10.0\VC\bin\link.exe /ERRORREPORT:PROMPT /OUT:"F:\vcprj\video\mouse\mousepose\Debug\mousepose.exe" /INCREMENTAL /NOLOGO kernel32.lib user32.lib gdi32.lib winspool.lib comdlg32.lib advapi32.lib shell32.lib ole32.lib oleaut32.lib uuid.lib odbc32.lib odbccp32.lib /MANIFEST /ManifestFile:"Debug\mousepose.exe.intermediate.manifest" /MANIFESTUAC:"level='asInvoker' uiAccess='false'" /DEBUG /PDB:"F:\vcprj\video\mouse\mousepose\Debug\mousepose.pdb" /SUBSYSTEM:CONSOLE /TLBID:1 /DYNAMICBASE /NXCOMPAT /IMPLIB:"F:\vcprj\video\mouse\mousepose\Debug\mousepose.lib" /MACHINE:X86 Debug\mousepose.exe.embed.manifest.res
         Debug\mousepose.obj
         Debug\stdafx.obj
       Manifest:
         C:\Program Files (x86)\Microsoft SDKs\Windows\v7.0A\bin\mt.exe /nologo /verbose /out:"Debug\mousepose.exe.embed.manifest" /manifest Debug\mousepose.exe.intermediate.manifest
         C:\Program Files (x86)\Microsoft SDKs\Windows\v7.0A\bin\rc.exe /nologo /fo"Debug\mousepose.exe.embed.manifest.res" Debug\mousepose_manifest.rc 
       LinkEmbedManifest:
         D:\Program Files (x86)\Microsoft Visual Studio 10.0\VC\bin\link.exe /ERRORREPORT:PROMPT /OUT:"F:\vcprj\video\mouse\mousepose\Debug\mousepose.exe" /INCREMENTAL /NOLOGO kernel32.lib user32.lib gdi32.lib winspool.lib comdlg32.lib advapi32.lib shell32.lib ole32.lib oleaut32.lib uuid.lib odbc32.lib odbccp32.lib /MANIFEST /ManifestFile:"Debug\mousepose.exe.intermediate.manifest" /MANIFESTUAC:"level='asInvoker' uiAccess='false'" /DEBUG /PDB:"F:\vcprj\video\mouse\mousepose\Debug\mousepose.pdb" /SUBSYSTEM:CONSOLE /TLBID:1 /DYNAMICBASE /NXCOMPAT /IMPLIB:"F:\vcprj\video\mouse\mousepose\Debug\mousepose.lib" /MACHINE:X86 Debug\mousepose.exe.embed.manifest.res
         Debug\mousepose.obj
         Debug\stdafx.obj
         mousepose.vcxproj -> F:\vcprj\video\mouse\mousepose\Debug\mousepose.exe
       FinalizeBuildStatus:
         Deleting file "Debug\mousepose.unsuccessfulbuild".
         Touching "Debug\mousepose.lastbuildstate".
     1>Done Building Project "F:\vcprj\video\mouse\mousepose\mousepose\mousepose.vcxproj" (build target(s)).

Build succeeded.

Time Elapsed 00:00:04.79
